<?xml version="1.0" encoding="UTF-8"?>
<!-- Generated by org.testng.reporters.JUnitReportReporter -->
<testsuite hostname="DESKTOP-QV6FTFS" failures="0" tests="4" name="TestNGprograms.TestAttributes" time="0.014" errors="0" timestamp="2023-06-06T21:11:21 IST" skipped="1">
  <testcase classname="TestNGprograms.TestAttributes" name="a" time="0.007"/>
  <system-out/>
  <testcase classname="TestNGprograms.TestAttributes" name="d" time="0.004"/>
  <system-out/>
  <testcase classname="TestNGprograms.TestAttributes" name="b" time="0.003"/>
  <system-out/>
  <testcase classname="TestNGprograms.TestAttributes" name="c">
    <skipped/>
  </testcase> <!-- c -->
  <system-out/>
</testsuite> <!-- TestNGprograms.TestAttributes -->
