<?xml version="1.0" encoding="UTF-8"?>
<!-- Generated by org.testng.reporters.JUnitReportReporter -->
<testsuite hostname="DESKTOP-QV6FTFS" failures="0" tests="2" name="TestNGprograms.Example" time="0.031" errors="0" timestamp="2023-06-18T23:08:37 IST" skipped="0">
  <testcase classname="TestNGprograms.Example" name="login" time="0.028"/>
  <system-out/>
  <testcase classname="TestNGprograms.Example" name="homepage" time="0.003"/>
  <system-out/>
</testsuite> <!-- TestNGprograms.Example -->
