<?xml version="1.0" encoding="UTF-8"?>
<!-- Generated by org.testng.reporters.JUnitReportReporter -->
<testsuite hostname="DESKTOP-QV6FTFS" failures="0" tests="1" name="TestNGprograms.DataProvider" time="8.402" errors="0" timestamp="2023-06-12T15:08:13 IST" skipped="0">
  <testcase classname="TestNGprograms.DataProvider" name="loginTest" time="8.402"/>
  <system-out/>
</testsuite> <!-- TestNGprograms.DataProvider -->
