<?xml version="1.0" encoding="UTF-8"?>
<!-- Generated by org.testng.reporters.JUnitReportReporter -->
<testsuite hostname="DESKTOP-QV6FTFS" failures="0" tests="2" name="TestNGprograms.WorkingWithDataProvider" time="0.022" errors="0" timestamp="2023-06-09T12:46:26 IST" skipped="0">
  <testcase classname="TestNGprograms.WorkingWithDataProvider" name="login" time="0.019"/>
  <system-out/>
  <testcase classname="TestNGprograms.WorkingWithDataProvider" name="login" time="0.003"/>
  <system-out/>
</testsuite> <!-- TestNGprograms.WorkingWithDataProvider -->
