<?xml version="1.0" encoding="UTF-8"?>
<!-- Generated by org.testng.reporters.JUnitReportReporter -->
<testsuite hostname="DESKTOP-QV6FTFS" failures="0" tests="2" name="TestNGprograms.TestNG_Programs" time="0.029" errors="0" timestamp="2023-06-05T16:38:41 IST" skipped="0">
  <testcase classname="TestNGprograms.TestNG_Programs" name="login" time="0.025"/>
  <system-out/>
  <testcase classname="TestNGprograms.TestNG_Programs" name="homepage" time="0.004"/>
  <system-out/>
</testsuite> <!-- TestNGprograms.TestNG_Programs -->
