<?xml version="1.0" encoding="UTF-8"?>
<!-- Generated by org.testng.reporters.JUnitReportReporter -->
<testsuite hostname="DESKTOP-QV6FTFS" failures="0" tests="1" name="TestNGprograms.MultiDimentionalArray" time="0.054" errors="0" timestamp="2023-06-11T22:34:28 IST" skipped="0">
  <testcase classname="TestNGprograms.MultiDimentionalArray" name="a" time="0.054"/>
  <system-out/>
</testsuite> <!-- TestNGprograms.MultiDimentionalArray -->
