<?xml version="1.0" encoding="UTF-8"?>
<!-- Generated by org.testng.reporters.JUnitReportReporter -->
<testsuite hostname="DESKTOP-QV6FTFS" failures="0" tests="1" name="TestNGprograms.ApachePoi" time="20.616" errors="0" timestamp="2023-06-16T12:43:15 IST" skipped="0">
  <testcase classname="TestNGprograms.ApachePoi" name="dataDriven" time="20.616"/>
  <system-out/>
</testsuite> <!-- TestNGprograms.ApachePoi -->
