<?xml version="1.0" encoding="UTF-8"?>
<!-- Generated by org.testng.reporters.JUnitReportReporter -->
<testsuite hostname="DESKTOP-QV6FTFS" failures="0" tests="1" name="TestNGprograms.AnnotationExample" time="2.379" errors="0" timestamp="2023-06-06T21:11:21 IST" skipped="0">
  <testcase classname="TestNGprograms.AnnotationExample" name="urlTest" time="2.379"/>
  <system-out/>
</testsuite> <!-- TestNGprograms.AnnotationExample -->
